INFO:root:<Thread(Thread-5 (square), initial)>
INFO:root:<Thread(Thread-6 (square), initial)>
INFO:root:<Thread(Thread-7 (square), initial)>
INFO:root:<Thread(Thread-8 (square), initial)>
INFO:root:<Thread(Thread-9 (square), initial)>
INFO:root:<Thread(Thread-10 (square), initial)>
INFO:root:<Thread(Thread-11 (square), initial)>
INFO:root:<Thread(Thread-12 (square), initial)>
INFO:root:<Thread(Thread-13 (square), initial)>
INFO:root:<Thread(Thread-14 (square), initial)>
INFO:root:None
INFO:root:None
INFO:root:None
INFO:root:None
INFO:root:None
INFO:root:None
INFO:root:None
INFO:root:None
INFO:root:None
INFO:root:None
INFO:root:0
INFO:root:1
INFO:root:4
INFO:root:9
INFO:root:16
INFO:root:25
INFO:root:36
INFO:root:49
INFO:root:64
INFO:root:81
INFO:root:0
INFO:root:1
INFO:root:8
INFO:root:27
INFO:root:64
INFO:root:125
INFO:root:216
INFO:root:343
INFO:root:512
INFO:root:729
ERROR:Comm:No such comm target registered: jupyter.widget.control
WARNING:Comm:No such comm: 80224a61-bd55-41e7-9cc2-1be777206c2b
